<?xml version="1.0" encoding="UTF-8"?>
<!-- Generated by org.testng.reporters.JUnitReportReporter -->
<testsuite skipped="0" hostname="ASDP1760PO02529" name="com.qait.automation.MavenFirst.MavenTest" tests="6" failures="0" timestamp="20 Jun 2018 11:54:02 GMT" time="10.725" errors="0">
  <testcase name="Homepage" time="4.017" classname="com.qait.automation.MavenFirst.MavenTest"/>
  <testcase name="chooseGreen" time="0.166" classname="com.qait.automation.MavenFirst.MavenTest"/>
  <testcase name="handleWindows" time="1.387" classname="com.qait.automation.MavenFirst.MavenTest"/>
  <testcase name="generateTokenAndAddCookie" time="2.372" classname="com.qait.automation.MavenFirst.MavenTest"/>
  <testcase name="waitTimeAndColorMatch" time="2.524" classname="com.qait.automation.MavenFirst.MavenTest"/>
  <testcase name="dragAndDrop" time="0.259" classname="com.qait.automation.MavenFirst.MavenTest"/>
</testsuite> <!-- com.qait.automation.MavenFirst.MavenTest -->
